<?xml version="1.0" encoding="UTF-8"?>
<testsuite name="github.homeWorkTest2" tests="1" skipped="0" failures="0" errors="0" timestamp="2025-07-04T12:41:07" hostname="LAPTOP-3MAAMI7N" time="7.307">
  <properties/>
  <testcase name="name()" classname="github.homeWorkTest2" time="7.307"/>
  <system-out><![CDATA[]]></system-out>
  <system-err><![CDATA[SLF4J(W): No SLF4J providers were found.
SLF4J(W): Defaulting to no-operation (NOP) logger implementation
SLF4J(W): See https://www.slf4j.org/codes.html#noProviders for further details.
июл. 04, 2025 2:41:08 PM org.openqa.selenium.devtools.CdpVersionFinder findNearestMatch
WARNING: Unable to find CDP implementation matching 138
июл. 04, 2025 2:41:08 PM org.openqa.selenium.chromium.ChromiumDriver lambda$new$5
WARNING: Unable to find version of CDP to use for 138.0.7204.97. You may need to include a dependency on a specific version of the CDP using something similar to `org.seleniumhq.selenium:selenium-devtools-v86:4.18.1` where the version ("v86") matches the version of the chromium-based browser you're using and the version number of the artifact is the same as Selenium's.
]]></system-err>
</testsuite>
